<?xml version="1.0" encoding="UTF-8"?>
<!-- Generated by org.testng.reporters.JUnitReportReporter -->
<testsuite hostname="Divyas-MacBook-Pro.local" name="AppTest" tests="1" failures="0" timestamp="4 Dec 2019 00:54:00 GMT" time="0.009" errors="0">
  <testcase name="testApp" time="0.009" classname="AppTest"/>
</testsuite> <!-- AppTest -->
