<?xml version="1.0" encoding="UTF-8"?>
<!-- Generated by org.testng.reporters.JUnitReportReporter -->
<testsuite skipped="0" hostname="Divyas-MacBook-Pro.local" name="ExtentReportTest" tests="1" failures="0" timestamp="04 Dec 2019 18:52:22 GMT" time="0.812" errors="0">
  <testcase name="testApp" time="0.812" classname="ExtentReportTest"/>
</testsuite> <!-- ExtentReportTest -->
